TN:
SF:script/DeploySquadSafeVault.s.sol
DA:10,0
FN:10,DeploySquadSafeVault.run
FNDA:0,DeploySquadSafeVault.run
DA:12,0
DA:14,0
DA:17,0
DA:18,0
DA:19,0
DA:22,0
DA:23,0
DA:24,0
FNF:1
FNH:0
LF:9
LH:0
BRF:0
BRH:0
end_of_record
TN:
SF:src/SquadSafeVault.sol
DA:60,9
FN:60,SquadSafeVault.onlyMember
FNDA:9,SquadSafeVault.onlyMember
DA:61,9
BRDA:61,0,0,-
BRDA:61,0,1,4
DA:68,23
FN:68,SquadSafeVault.constructor
FNDA:23,SquadSafeVault.constructor
DA:69,23
DA:73,2
FN:73,SquadSafeVault.depositETH
FNDA:2,SquadSafeVault.depositETH
DA:74,2
DA:77,2
FN:77,SquadSafeVault.depositERC20
FNDA:2,SquadSafeVault.depositERC20
DA:78,2
DA:79,2
DA:83,8
FN:83,SquadSafeVault.propose
FNDA:8,SquadSafeVault.propose
DA:89,7
DA:90,7
DA:91,7
DA:92,7
DA:93,7
DA:94,7
DA:95,7
DA:96,7
DA:104,7
DA:107,9
FN:107,SquadSafeVault.vote
FNDA:9,SquadSafeVault.vote
DA:108,8
DA:109,8
BRDA:109,1,0,-
BRDA:109,1,1,8
DA:110,8
BRDA:110,2,0,1
BRDA:110,2,1,7
DA:111,7
DA:112,7
BRDA:112,3,0,7
BRDA:112,3,1,-
DA:113,7
DA:115,0
DA:117,7
DA:120,4
FN:120,SquadSafeVault.execute
FNDA:4,SquadSafeVault.execute
DA:121,4
DA:122,4
BRDA:122,4,0,-
BRDA:122,4,1,4
DA:123,4
BRDA:123,5,0,1
BRDA:123,5,1,3
DA:124,3
BRDA:124,6,0,1
BRDA:124,6,1,2
DA:125,2
DA:126,2
BRDA:126,7,0,1
BRDA:126,7,1,1
DA:128,1
DA:131,1
DA:133,2
DA:137,1
FN:137,SquadSafeVault.getProposal
FNDA:1,SquadSafeVault.getProposal
DA:153,1
DA:154,1
DA:166,1
FN:166,SquadSafeVault.getMembers
FNDA:1,SquadSafeVault.getMembers
DA:167,1
DA:171,2
FN:171,SquadSafeVault.setVotingPeriod
FNDA:2,SquadSafeVault.setVotingPeriod
DA:172,1
DA:175,2
FN:175,SquadSafeVault.setMinVotes
FNDA:2,SquadSafeVault.setMinVotes
DA:176,1
DA:181,73
FN:181,SquadSafeVault.addMember
FNDA:73,SquadSafeVault.addMember
DA:182,72
BRDA:182,8,0,1
BRDA:182,8,1,71
DA:183,71
BRDA:183,9,0,1
BRDA:183,9,1,70
DA:184,70
DA:185,70
DA:186,70
DA:191,6
FN:191,SquadSafeVault.removeMember
FNDA:6,SquadSafeVault.removeMember
DA:192,5
BRDA:192,10,0,1
BRDA:192,10,1,4
DA:193,4
BRDA:193,11,0,1
BRDA:193,11,1,3
DA:194,3
DA:196,3
DA:197,6
BRDA:197,12,0,3
DA:198,3
DA:199,3
DA:200,3
DA:203,3
FNF:13
FNH:13
LF:63
LH:62
BRF:25
BRH:21
end_of_record
TN:
SF:test/SquadSafeVault.t.sol
DA:16,69
FN:16,ERC20Mock.mint
FNDA:69,ERC20Mock.mint
DA:17,69
DA:18,69
DA:19,69
DA:21,1
FN:21,ERC20Mock.transfer
FNDA:1,ERC20Mock.transfer
DA:22,1
BRDA:22,0,0,-
BRDA:22,0,1,1
DA:23,1
DA:24,1
DA:25,1
DA:26,1
DA:28,2
FN:28,ERC20Mock.approve
FNDA:2,ERC20Mock.approve
DA:29,2
DA:30,2
DA:31,2
DA:33,2
FN:33,ERC20Mock.transferFrom
FNDA:2,ERC20Mock.transferFrom
DA:38,2
BRDA:38,1,0,-
BRDA:38,1,1,2
DA:39,2
BRDA:39,2,0,-
BRDA:39,2,1,2
DA:40,2
DA:41,2
DA:42,2
DA:43,2
DA:44,2
FNF:4
FNH:4
LF:22
LH:22
BRF:6
BRH:3
end_of_record
